<?xml version="1.0" encoding="UTF-8"?>
<testsuites name="jest tests" tests="3" failures="0" time="40.399">
  <testsuite name="button" errors="0" failures="0" skipped="0" timestamp="2020-07-09T16:32:44" time="19.457" tests="1">
    <testcase classname="button 是一个div" name="button 是一个div" time="0.017">
    </testcase>
  </testsuite>
  <testsuite name="ixon" errors="0" failures="0" skipped="0" timestamp="2020-07-09T16:32:44" time="28.145" tests="2">
    <testcase classname="ixon DisplayName" name="ixon DisplayName" time="0.019">
    </testcase>
    <testcase classname="ixon onClick" name="ixon onClick" time="0.056">
    </testcase>
  </testsuite>
</testsuites>